<?xml version="1.0" encoding="UTF-8"?>
<!-- Generated by org.testng.reporters.JUnitXMLReporter -->
<testsuite hostname="Bindu" ignored="2" name="Test" tests="3" failures="1" timestamp="17 May 2020 11:00:44 GMT" time="38.332" errors="0">
  <testcase name="logIn" time="1.346" classname="com.NewToursApplication.LogInTest">
    <failure type="java.lang.IllegalArgumentException" message="Cannot find elements when name text is null.">
      <![CDATA[java.lang.IllegalArgumentException: Cannot find elements when name text is null.
	at org.openqa.selenium.By$ByName.<init>(By.java:267)
	at org.openqa.selenium.By.name(By.java:76)
	at com.NewToursApplication.LogInTest.logIn(LogInTest.java:43)
... Removed 25 stack frames]]>
    </failure>
  </testcase> <!-- logIn -->
  <testcase name="register" time="1.547" classname="com.NewToursApplication.NewUserRegistration"/>
  <testcase name="newUserRegistration" time="20.564" classname="com.NewToursApplication.NewUserRegistration"/>
  <testcase name="@BeforeTest setUp" time="0.0" classname="com.NewToursApplication.BaseTest">
    <ignored/>
  </testcase> <!-- @BeforeTest setUp -->
  <testcase name="@AfterTest tearDown" time="0.0" classname="com.NewToursApplication.BaseTest">
    <ignored/>
  </testcase> <!-- @AfterTest tearDown -->
</testsuite> <!-- Test -->
